<?xml version="1.0" encoding="UTF-8"?>
<testsuite xmlns:xsi="http://www.w3.org/2001/XMLSchema-instance" xsi:noNamespaceSchemaLocation="https://maven.apache.org/surefire/maven-failsafe-plugin/xsd/failsafe-test-report-3.0.xsd" version="3.0" name="com.petfriends.transporte.PedidoDespachadoListenerIT" time="0.006" tests="1" errors="0" skipped="1" failures="0">
  <properties/>
  <testcase name="criaEntregaAoReceberPedidoDespachado" classname="com.petfriends.transporte.PedidoDespachadoListenerIT" time="0.0">
    <skipped message="disabledWithoutDocker is true and Docker is not available"/>
    <system-out><![CDATA[11:01:08.253 [main] INFO org.testcontainers.DockerClientFactory -- Testcontainers version: 1.20.6
11:01:08.756 [main] INFO org.testcontainers.dockerclient.DockerMachineClientProviderStrategy -- docker-machine executable was not found on PATH ([C:\Users\marlon.soares\bin, C:\Users\marlon.soares\AppData\Local\Programs\Git\mingw64\bin, C:\Users\marlon.soares\AppData\Local\Programs\Git\usr\local\bin, C:\Users\marlon.soares\AppData\Local\Programs\Git\usr\bin, C:\Users\marlon.soares\AppData\Local\Programs\Git\usr\bin, C:\Users\marlon.soares\AppData\Local\Programs\Git\mingw64\bin, C:\Users\marlon.soares\AppData\Local\Programs\Git\usr\bin, C:\Users\marlon.soares\bin, C:\Program Files\Eclipse Adoptium\jdk-17.0.18.8-hotspot\bin, C:\Program Files (x86)\Common Files\Oracle\Java\java8path, C:\Program Files (x86)\Common Files\Oracle\Java\javapath, C:\WINDOWS\system32, C:\WINDOWS, C:\WINDOWS\System32\Wbem, C:\WINDOWS\System32\WindowsPowerShell\v1.0, C:\WINDOWS\System32\OpenSSH, C:\Program Files\SafeNet\Authentication\SAC\x64, C:\Program Files\SafeNet\Authentication\SAC\x32, C:\Program Files\dotnet, C:\ProgramData\chocolatey\bin, C:\Program Files (x86)\Common Files\Acronis\FileProtector, C:\Program Files (x86)\Common Files\Acronis\FileProtector64, C:\Program Files\BackupClient\PyShell\bin, C:\Program Files (x86)\Common Files\Acronis\SnapAPI, C:\Program Files\Docker\Docker\resources\bin, C:\Program Files\nodejs, C:\ProgramData\chocolatey\lib\maven\apache-maven-3.9.12\bin, C:\Program Files\GitHub CLI, C:\Program Files\Go\bin, C:\Users\marlon.soares\AppData\Local\Programs\Python\Python312\Scripts, C:\Users\marlon.soares\AppData\Local\Programs\Python\Python312, C:\Users\marlon.soares\AppData\Local\Programs\Python\Launcher, C:\Users\marlon.soares\.local\bin, C:\Users\marlon.soares\AppData\Local\Microsoft\WindowsApps, C:\Users\marlon.soares\AppData\Local\Programs\Microsoft VS Code\bin, C:\Users\marlon.soares\AppData\Local\Programs\Git\cmd, C:\Users\marlon.soares\AppData\Roaming\npm, C:\Users\marlon.soares\AppData\Local\Google\Cloud SDK\google-cloud-sdk\bin, C:\Users\marlon.soares\AppData\Local\Programs\Antigravity\bin, C:\Users\marlon.soares\bin, C:\Users\marlon.soares\go\bin, C:\Users\marlon.soares\.forlith\bin, C:\Users\marlon.soares\AppData\Local\Programs\Python\Python312, C:\Program Files\nodejs, C:\Users\marlon.soares\AppData\Local\Programs\Git\mingw64\bin, C:\Users\marlon.soares\AppData\Local\Programs\Git\usr\bin\vendor_perl, C:\Users\marlon.soares\AppData\Local\Programs\Git\usr\bin\core_perl, C:\Users\marlon.soares\.claude\plugins\cache\claude-plugins-official\context7\unknown\bin, C:\Users\marlon.soares\.claude\plugins\cache\claude-plugins-official\data-engineering\0.1.0\bin, C:\Users\marlon.soares\.claude\plugins\cache\claude-plugins-official\frontend-design\unknown\bin, C:\Users\marlon.soares\.claude\plugins\cache\claude-plugins-official\typescript-lsp\1.0.0\bin, C:\Users\marlon.soares\AppData\Roaming\Claude\local-agent-mode-sessions\cd51fe66-a34f-4ec8-9a3e-88d7ba625b4e\d17a98f3-3746-456a-aceb-ade844d5e5d3\rpm\plugin_0155zZVATbJU3jHUmPP9NvMC\bin, C:\Users\marlon.soares\AppData\Roaming\Claude\local-agent-mode-sessions\cd51fe66-a34f-4ec8-9a3e-88d7ba625b4e\d17a98f3-3746-456a-aceb-ade844d5e5d3\rpm\plugin_017EBgheK17kfSKJ5em27Aqd\bin, C:\Users\marlon.soares\AppData\Roaming\Claude\local-agent-mode-sessions\skills-plugin\d17a98f3-3746-456a-aceb-ade844d5e5d3\cd51fe66-a34f-4ec8-9a3e-88d7ba625b4e\bin, C:\Users\marlon.soares\.claude\plugins\cache\claude-plugins-official\typescript-lsp\1.0.0\bin])
11:01:08.757 [main] ERROR org.testcontainers.dockerclient.DockerClientProviderStrategy -- Could not find a valid Docker environment. Please check configuration. Attempted configurations were:
	EnvironmentAndSystemPropertyClientProviderStrategy: failed with exception BadRequestException (Status 400: {"ID":"","Containers":0,"ContainersRunning":0,"ContainersPaused":0,"ContainersStopped":0,"Images":0,"Driver":"","DriverStatus":null,"Plugins":{"Volume":null,"Network":null,"Authorization":null,"Log":null},"MemoryLimit":false,"SwapLimit":false,"CpuCfsPeriod":false,"CpuCfsQuota":false,"CPUShares":false,"CPUSet":false,"PidsLimit":false,"IPv4Forwarding":false,"Debug":false,"NFd":0,"OomKillDisable":false,"NGoroutines":0,"SystemTime":"","LoggingDriver":"","CgroupDriver":"","NEventsListener":0,"KernelVersion":"","OperatingSystem":"","OSVersion":"","OSType":"","Architecture":"","IndexServerAddress":"","RegistryConfig":null,"NCPU":0,"MemTotal":0,"GenericResources":null,"DockerRootDir":"","HttpProxy":"","HttpsProxy":"","NoProxy":"","Name":"","Labels":["com.docker.desktop.address=npipe://\\\\.\\pipe\\docker_cli"],"ExperimentalBuild":false,"ServerVersion":"","Runtimes":null,"DefaultRuntime":"","Swarm":{"NodeID":"","NodeAddr":"","LocalNodeState":"","ControlAvailable":false,"Error":"","RemoteManagers":null},"LiveRestoreEnabled":false,"Isolation":"","InitBinary":"","ContainerdCommit":{"ID":""},"RuncCommit":{"ID":""},"InitCommit":{"ID":""},"SecurityOptions":null,"CDISpecDirs":null,"Warnings":null})
	NpipeSocketClientProviderStrategy: failed with exception BadRequestException (Status 400: {"ID":"","Containers":0,"ContainersRunning":0,"ContainersPaused":0,"ContainersStopped":0,"Images":0,"Driver":"","DriverStatus":null,"Plugins":{"Volume":null,"Network":null,"Authorization":null,"Log":null},"MemoryLimit":false,"SwapLimit":false,"CpuCfsPeriod":false,"CpuCfsQuota":false,"CPUShares":false,"CPUSet":false,"PidsLimit":false,"IPv4Forwarding":false,"Debug":false,"NFd":0,"OomKillDisable":false,"NGoroutines":0,"SystemTime":"","LoggingDriver":"","CgroupDriver":"","NEventsListener":0,"KernelVersion":"","OperatingSystem":"","OSVersion":"","OSType":"","Architecture":"","IndexServerAddress":"","RegistryConfig":null,"NCPU":0,"MemTotal":0,"GenericResources":null,"DockerRootDir":"","HttpProxy":"","HttpsProxy":"","NoProxy":"","Name":"","Labels":["com.docker.desktop.address=npipe://\\\\.\\pipe\\docker_cli"],"ExperimentalBuild":false,"ServerVersion":"","Runtimes":null,"DefaultRuntime":"","Swarm":{"NodeID":"","NodeAddr":"","LocalNodeState":"","ControlAvailable":false,"Error":"","RemoteManagers":null},"LiveRestoreEnabled":false,"Isolation":"","InitBinary":"","ContainerdCommit":{"ID":""},"RuncCommit":{"ID":""},"InitCommit":{"ID":""},"SecurityOptions":null,"CDISpecDirs":null,"Warnings":null})As no valid configuration was found, execution cannot continue.
See https://java.testcontainers.org/on_failure.html for more details.
]]></system-out>
  </testcase>
</testsuite>